TN:
SF:./acc.c
FN:19,acc_mode_selection
FN:59,calculate_accel_for_distance_pid
FN:117,calculate_accel_for_speed_pid
FN:163,acc_output_selection
FNDA:60,acc_mode_selection
FNDA:110,calculate_accel_for_speed_pid
FNDA:185,calculate_accel_for_distance_pid
FNDA:32,acc_output_selection
FNF:4
FNH:4
DA:19,60
DA:25,60
DA:26,60
DA:28,57
DA:29,57
DA:31,7
DA:33,50
DA:35,7
DA:36,1
DA:38,1
DA:40,6
DA:44,43
DA:45,11
DA:47,5
DA:49,38
DA:50,1
DA:53,37
DA:59,185
DA:67,185
DA:69,5
DA:73,180
DA:75,2
DA:79,178
DA:80,178
DA:81,178
DA:84,178
DA:85,178
DA:88,178
DA:90,178
DA:91,178
DA:92,178
DA:94,178
DA:96,178
DA:97,178
DA:100,178
DA:101,41
DA:102,37
DA:104,36
DA:105,11
DA:107,25
DA:111,178
DA:117,110
DA:123,110
DA:125,11
DA:129,99
DA:132,99
DA:134,13
DA:136,13
DA:141,99
DA:144,99
DA:145,99
DA:146,99
DA:148,99
DA:149,99
DA:150,99
DA:152,99
DA:154,99
DA:163,32
DA:169,32
DA:171,15
DA:173,17
DA:175,11
DA:177,6
DA:180,4
DA:183,2
LF:65
LH:65
end_of_record
TN:
SF:./aeb.c
FN:10,q10
FN:19,calculate_ttc_for_aeb
FN:90,aeb_mode_selection
FN:141,calculate_decel_for_aeb
FNDA:27,q10
FNDA:60,calculate_ttc_for_aeb
FNDA:60,calculate_decel_for_aeb
FNDA:62,aeb_mode_selection
FNF:4
FNH:4
DA:10,27
DA:19,60
DA:23,60
DA:25,2
DA:28,58
DA:31,2
DA:32,2
DA:33,2
DA:34,2
DA:35,2
DA:39,56
DA:40,56
DA:41,56
DA:42,56
DA:45,56
DA:46,55
DA:47,3
DA:50,53
DA:51,53
DA:52,1
DA:53,1
DA:55,52
DA:56,10
DA:58,42
DA:59,42
DA:60,1
DA:62,41
DA:65,41
DA:66,41
DA:67,1
DA:68,1
DA:70,40
DA:73,40
DA:74,40
DA:77,40
DA:78,39
DA:81,40
DA:90,62
DA:94,62
DA:95,2
DA:97,60
DA:98,60
DA:99,60
DA:102,60
DA:103,56
DA:104,44
DA:106,19
DA:108,41
DA:110,2
DA:120,39
DA:122,9
DA:124,30
DA:126,10
DA:128,20
DA:130,18
DA:133,2
DA:141,60
DA:144,60
DA:145,6
DA:147,54
DA:148,54
DA:151,54
DA:152,10
DA:155,44
DA:157,7
DA:158,4
DA:160,3
DA:164,41
DA:167,41
DA:168,10
DA:171,31
DA:172,4
DA:176,27
DA:178,27
DA:181,27
DA:182,27
DA:184,27
LF:77
LH:77
end_of_record
TN:
SF:./arbitration.c
FN:16,Arbitration
FNDA:62,Arbitration
FNF:1
FNH:1
DA:16,62
DA:22,62
DA:23,2
DA:25,60
DA:28,60
DA:31,11
DA:36,49
DA:40,60
DA:41,60
DA:43,60
DA:46,23
DA:47,23
DA:48,23
DA:49,23
DA:50,23
DA:52,37
DA:55,19
DA:56,19
DA:57,19
DA:58,19
DA:59,19
DA:64,18
DA:65,18
DA:69,60
DA:70,60
DA:71,60
DA:74,60
DA:75,60
DA:76,60
LF:29
LH:29
end_of_record
TN:
SF:./ego_vehicle_estimation.c
FN:27,Invert2x2
FN:40,CheckSpike
FN:50,EgoVehicleEstimation
FN:252,InitEgoVehicleKFState
FNDA:809,CheckSpike
FNDA:165,EgoVehicleEstimation
FNDA:60,Invert2x2
FNDA:196,InitEgoVehicleKFState
FNF:4
FNH:4
DA:27,60
DA:29,60
DA:30,60
DA:31,60
DA:32,60
DA:33,60
DA:34,60
DA:35,60
DA:36,60
DA:40,809
DA:42,809
DA:43,809
DA:50,165
DA:64,165
DA:65,165
DA:66,165
DA:72,165
DA:73,165
DA:76,165
DA:77,165
DA:78,35
DA:80,165
DA:86,165
DA:87,165
DA:88,165
DA:90,165
DA:91,165
DA:94,165
DA:95,7
DA:97,165
DA:98,3
DA:100,165
DA:101,5
DA:105,314
DA:106,149
DA:107,17
DA:111,165
DA:112,165
DA:113,165
DA:114,165
DA:115,59
DA:116,59
DA:126,165
DA:127,165
DA:135,165
DA:138,165
DA:139,165
DA:140,165
DA:141,165
DA:142,165
DA:145,165
DA:146,165
DA:149,990
DA:150,4950
DA:151,4125
DA:152,24750
DA:153,20625
DA:155,4125
DA:159,990
DA:160,4950
DA:161,4125
DA:162,24750
DA:163,20625
DA:165,4125
DA:166,4125
DA:177,165
DA:178,59
DA:182,59
DA:183,59
DA:184,59
DA:187,59
DA:188,59
DA:189,59
DA:190,59
DA:193,59
DA:194,0
DA:196,59
DA:197,354
DA:198,295
DA:199,295
DA:202,354
DA:203,295
DA:207,59
DA:208,354
DA:209,295
DA:211,354
DA:212,295
DA:213,295
DA:216,59
DA:217,354
DA:218,1770
DA:219,1475
DA:220,8850
DA:221,7375
DA:223,1475
DA:226,59
DA:231,165
DA:232,106
DA:240,165
DA:242,165
DA:243,165
DA:244,165
DA:245,165
DA:246,165
DA:247,165
DA:252,196
DA:254,196
DA:255,196
DA:257,196
DA:258,196
DA:259,196
DA:260,196
DA:261,196
DA:264,5096
DA:265,4900
DA:267,1176
DA:268,980
DA:272,196
DA:273,196
DA:274,196
DA:275,196
DA:276,196
DA:277,196
LF:123
LH:122
end_of_record
TN:
SF:./lfa.c
FN:38,clamp540
FN:46,lfa_pid_reset
FN:52,pid_set_gains
FN:59,lfa_mode_selection
FN:70,calculate_steer_in_low_speed_pid
FN:140,calculate_steer_in_high_speed_stanley
FN:180,lfa_output_selection
FNDA:92,clamp540
FNDA:66,calculate_steer_in_high_speed_stanley
FNDA:69,calculate_steer_in_low_speed_pid
FNDA:33,lfa_mode_selection
FNDA:69,pid_set_gains
FNDA:76,lfa_pid_reset
FNDA:61,lfa_output_selection
FNF:7
FNH:7
DA:38,92
DA:40,92
DA:41,90
DA:42,90
DA:46,76
DA:48,76
DA:49,76
DA:50,76
DA:52,69
DA:54,69
DA:55,69
DA:56,69
DA:59,33
DA:61,33
DA:62,4
DA:64,29
DA:66,29
DA:70,69
DA:73,69
DA:74,5
DA:77,64
DA:78,64
DA:81,64
DA:84,64
DA:85,63
DA:88,62
DA:89,1
DA:92,1
DA:96,61
DA:97,10
DA:99,10
DA:103,51
DA:104,2
DA:106,2
DA:110,49
DA:113,49
DA:114,6
DA:115,6
DA:116,6
DA:117,1
DA:119,5
DA:123,43
DA:124,43
DA:125,38
DA:127,43
DA:130,43
DA:132,43
DA:133,3
DA:136,43
DA:140,66
DA:143,66
DA:144,2
DA:147,64
DA:148,64
DA:149,64
DA:152,64
DA:153,4
DA:155,60
DA:157,1
DA:161,59
DA:162,10
DA:164,10
DA:168,49
DA:171,49
DA:172,49
DA:173,49
DA:176,49
DA:180,61
DA:186,61
DA:188,1
DA:191,60
DA:192,60
DA:194,42
DA:198,18
DA:202,60
DA:205,10
DA:209,60
DA:212,11
DA:216,60
DA:217,60
DA:219,27
DA:221,27
DA:222,27
DA:223,27
DA:224,16
DA:227,16
DA:230,60
DA:233,60
DA:234,60
DA:236,60
LF:90
LH:90
end_of_record
TN:
SF:./target_selection.c
FN:10,normalize_heading
FN:21,select_target_from_object_list
FN:165,predict_object_future_path
FN:264,select_targets_for_acc_aeb
FNDA:82,normalize_heading
FNDA:90,select_target_from_object_list
FNDA:64,select_targets_for_acc_aeb
FNDA:65,predict_object_future_path
FNF:4
FNH:4
DA:10,82
DA:12,84
DA:13,83
DA:14,82
DA:21,90
DA:28,90
DA:29,84
DA:31,6
DA:34,84
DA:37,84
DA:38,84
DA:39,84
DA:41,84
DA:43,5
DA:46,179
DA:48,97
DA:49,2
DA:51,95
DA:54,95
DA:55,3
DA:59,92
DA:60,92
DA:62,92
DA:63,92
DA:65,92
DA:66,10
DA:68,82
DA:69,0
DA:70,0
DA:74,82
DA:75,82
DA:76,82
DA:77,3
DA:80,82
DA:83,82
DA:84,8
DA:88,74
DA:89,10
DA:94,64
DA:99,82
DA:100,82
DA:101,6
DA:102,6
DA:103,6
DA:104,6
DA:109,82
DA:110,82
DA:111,51
DA:112,51
DA:114,31
DA:115,21
DA:116,21
DA:117,21
DA:120,10
DA:121,10
DA:122,10
DA:126,82
DA:127,82
DA:128,63
DA:130,19
DA:131,0
DA:134,19
DA:137,82
DA:138,82
DA:139,82
DA:142,82
DA:143,82
DA:144,82
DA:145,82
DA:146,82
DA:147,82
DA:148,82
DA:149,82
DA:150,82
DA:151,82
DA:152,82
DA:153,82
DA:154,82
DA:155,82
DA:158,84
DA:165,65
DA:172,65
DA:173,63
DA:175,4
DA:177,61
DA:178,61
DA:180,122
DA:182,61
DA:184,61
DA:187,61
DA:188,61
DA:190,61
DA:191,61
DA:192,61
DA:193,61
DA:194,61
DA:197,61
DA:198,61
DA:199,61
DA:200,61
DA:203,61
DA:204,61
DA:207,61
DA:209,51
DA:210,51
DA:214,10
DA:215,10
DA:216,10
DA:217,10
DA:220,61
DA:222,61
DA:223,61
DA:224,61
DA:225,61
DA:228,61
DA:229,61
DA:230,61
DA:231,61
DA:234,61
DA:235,61
DA:238,61
DA:239,61
DA:240,61
DA:243,61
DA:244,18
DA:246,13
DA:249,61
DA:250,22
DA:252,9
DA:257,61
DA:264,64
DA:271,64
DA:272,63
DA:275,1
DA:276,1
DA:277,1
DA:281,63
DA:282,63
DA:285,63
DA:286,63
DA:288,63
DA:289,63
DA:291,63
DA:292,63
DA:295,63
DA:298,132
DA:300,69
DA:303,69
DA:304,10
DA:306,59
DA:307,59
DA:309,59
DA:311,2
DA:316,57
DA:317,46
DA:318,41
DA:319,8
DA:321,35
DA:323,35
DA:324,35
DA:325,3
DA:326,2
DA:328,35
DA:329,34
DA:330,34
DA:335,57
DA:336,57
DA:337,57
DA:339,57
DA:341,46
DA:342,8
DA:343,40
DA:345,6
DA:346,6
DA:347,4
DA:350,11
DA:352,10
DA:355,57
DA:358,52
DA:359,52
DA:360,52
DA:361,10
DA:364,52
DA:365,52
DA:366,13
DA:368,52
DA:369,3
DA:372,52
DA:373,51
DA:374,51
DA:380,63
DA:381,32
DA:382,32
DA:383,32
DA:384,32
DA:385,32
DA:386,32
DA:387,32
DA:388,32
DA:389,32
DA:390,32
DA:391,32
DA:394,32
DA:395,3
DA:396,29
DA:397,3
DA:399,26
DA:403,63
DA:404,49
DA:405,49
DA:406,49
DA:407,49
DA:408,49
DA:409,49
DA:410,49
DA:411,49
DA:412,49
DA:413,49
DA:414,49
DA:416,49
DA:417,13
DA:418,36
DA:419,3
DA:421,33
LF:224
LH:221
end_of_record
TN:
SF:./test.cpp
FN:6,main
FNDA:2,main
FNF:1
FNH:1
DA:6,2
DA:8,2
DA:9,2
LF:3
LH:3
end_of_record
